[Sandcastle Help File Builder GUI, version 1.6.0.2]
Build started at 12/20/2007 3:27:57 AM

Finding tools...
Found Sandcastle in 'C:\GoogleCode\Moq\trunk\Tools\Sandcastle\'
Found HTML 1.x help compiler in 'C:\GoogleCode\Moq\trunk\Tools\HTML Help Workshop\'
Validating documentation assembly information...
-------------------------------
Generating shared content files (en-US, English (United States))...
    Last step completed in 00:00:00.0156
-------------------------------
Copying documentation assembly dependencies...
No dependencies to copy
    Last step completed in 00:00:00.0000
-------------------------------
Generating API filter for MRefBuilder...
    Last step completed in 00:00:00.0156
-------------------------------
Generating reflection information...
[C:\GoogleCode\Moq\trunk\Help\Working\GenerateRefInfo.bat]
MrefBuilder (v2.3.8000.26)
Copyright c Microsoft 2006
Info: Loaded 1 assemblies for reflection and 0 dependency assemblies.
Info: Wrote information on 1 namespaces, 5 types, and 16 members
    Last step completed in 00:00:00.9219
-------------------------------
Removing duplicate topics from reflection information file
    0 duplicate topics removed
    Last step completed in 00:00:00.0000
-------------------------------
Generating namespace summary information...
    Last step completed in 00:00:00.0000
-------------------------------
Applying visibility properties to reflection information file
    0 attribute nodes removed
    0 explicit interface implementations removed
    0 local and base class EII elements removed
    Last step completed in 00:00:00.0156
-------------------------------
Transforming reflection output...
[C:\GoogleCode\Moq\trunk\Help\Working\TransformManifest.bat]
XslTransform (v2.3.8000.26)
Copyright c Microsoft 2005-2006
Info: Applying XSL transformation 'C:\GoogleCode\Moq\trunk\Tools\Sandcastle\ProductionTransforms\ApplyVSDocModel.xsl'.
Info: Applying XSL transformation 'C:\GoogleCode\Moq\trunk\Tools\Sandcastle\ProductionTransforms\AddGuidFilenames.xsl'.
XslTransform (v2.3.8000.26)
Copyright c Microsoft 2005-2006
Info: Applying XSL transformation 'C:\GoogleCode\Moq\trunk\Tools\Sandcastle\ProductionTransforms\ReflectionToManifest.xsl'.
    Last step completed in 00:00:01.2813
-------------------------------
Modifying help topic filenames in reflection information file
No changes required
    Last step completed in 00:00:00.0000
-------------------------------
Copying standard help content...
C:\GoogleCode\Moq\trunk\Tools\Sandcastle\Presentation\vs2005\icons\adm.gif -> C:\GoogleCode\Moq\trunk\Help\Working\Output\icons\adm.gif
C:\GoogleCode\Moq\trunk\Tools\Sandcastle\Presentation\vs2005\icons\adm_arch.gif -> C:\GoogleCode\Moq\trunk\Help\Working\Output\icons\adm_arch.gif
C:\GoogleCode\Moq\trunk\Tools\Sandcastle\Presentation\vs2005\icons\adm_dev.gif -> C:\GoogleCode\Moq\trunk\Help\Working\Output\icons\adm_dev.gif
C:\GoogleCode\Moq\trunk\Tools\Sandcastle\Presentation\vs2005\icons\adm_dev_arch.gif -> C:\GoogleCode\Moq\trunk\Help\Working\Output\icons\adm_dev_arch.gif
C:\GoogleCode\Moq\trunk\Tools\Sandcastle\Presentation\vs2005\icons\alert_caution.gif -> C:\GoogleCode\Moq\trunk\Help\Working\Output\icons\alert_caution.gif
C:\GoogleCode\Moq\trunk\Tools\Sandcastle\Presentation\vs2005\icons\alert_note.gif -> C:\GoogleCode\Moq\trunk\Help\Working\Output\icons\alert_note.gif
C:\GoogleCode\Moq\trunk\Tools\Sandcastle\Presentation\vs2005\icons\alert_security.gif -> C:\GoogleCode\Moq\trunk\Help\Working\Output\icons\alert_security.gif
C:\GoogleCode\Moq\trunk\Tools\Sandcastle\Presentation\vs2005\icons\arch.gif -> C:\GoogleCode\Moq\trunk\Help\Working\Output\icons\arch.gif
C:\GoogleCode\Moq\trunk\Tools\Sandcastle\Presentation\vs2005\icons\big_adm.gif -> C:\GoogleCode\Moq\trunk\Help\Working\Output\icons\big_adm.gif
C:\GoogleCode\Moq\trunk\Tools\Sandcastle\Presentation\vs2005\icons\big_arch.gif -> C:\GoogleCode\Moq\trunk\Help\Working\Output\icons\big_arch.gif
C:\GoogleCode\Moq\trunk\Tools\Sandcastle\Presentation\vs2005\icons\big_dev.gif -> C:\GoogleCode\Moq\trunk\Help\Working\Output\icons\big_dev.gif
C:\GoogleCode\Moq\trunk\Tools\Sandcastle\Presentation\vs2005\icons\big_kw.gif -> C:\GoogleCode\Moq\trunk\Help\Working\Output\icons\big_kw.gif
C:\GoogleCode\Moq\trunk\Tools\Sandcastle\Presentation\vs2005\icons\box.gif -> C:\GoogleCode\Moq\trunk\Help\Working\Output\icons\box.gif
C:\GoogleCode\Moq\trunk\Tools\Sandcastle\Presentation\vs2005\icons\Caution.gif -> C:\GoogleCode\Moq\trunk\Help\Working\Output\icons\Caution.gif
C:\GoogleCode\Moq\trunk\Tools\Sandcastle\Presentation\vs2005\icons\CFW.gif -> C:\GoogleCode\Moq\trunk\Help\Working\Output\icons\CFW.gif
C:\GoogleCode\Moq\trunk\Tools\Sandcastle\Presentation\vs2005\icons\collall.gif -> C:\GoogleCode\Moq\trunk\Help\Working\Output\icons\collall.gif
C:\GoogleCode\Moq\trunk\Tools\Sandcastle\Presentation\vs2005\icons\collapse.gif -> C:\GoogleCode\Moq\trunk\Help\Working\Output\icons\collapse.gif
C:\GoogleCode\Moq\trunk\Tools\Sandcastle\Presentation\vs2005\icons\collapse_all.gif -> C:\GoogleCode\Moq\trunk\Help\Working\Output\icons\collapse_all.gif
C:\GoogleCode\Moq\trunk\Tools\Sandcastle\Presentation\vs2005\icons\copycode.gif -> C:\GoogleCode\Moq\trunk\Help\Working\Output\icons\copycode.gif
C:\GoogleCode\Moq\trunk\Tools\Sandcastle\Presentation\vs2005\icons\copycodeHighlight.gif -> C:\GoogleCode\Moq\trunk\Help\Working\Output\icons\copycodeHighlight.gif
C:\GoogleCode\Moq\trunk\Tools\Sandcastle\Presentation\vs2005\icons\dev.gif -> C:\GoogleCode\Moq\trunk\Help\Working\Output\icons\dev.gif
C:\GoogleCode\Moq\trunk\Tools\Sandcastle\Presentation\vs2005\icons\dev_arch.gif -> C:\GoogleCode\Moq\trunk\Help\Working\Output\icons\dev_arch.gif
C:\GoogleCode\Moq\trunk\Tools\Sandcastle\Presentation\vs2005\icons\dropdown.gif -> C:\GoogleCode\Moq\trunk\Help\Working\Output\icons\dropdown.gif
C:\GoogleCode\Moq\trunk\Tools\Sandcastle\Presentation\vs2005\icons\dropdownHover.gif -> C:\GoogleCode\Moq\trunk\Help\Working\Output\icons\dropdownHover.gif
C:\GoogleCode\Moq\trunk\Tools\Sandcastle\Presentation\vs2005\icons\drpdown.gif -> C:\GoogleCode\Moq\trunk\Help\Working\Output\icons\drpdown.gif
C:\GoogleCode\Moq\trunk\Tools\Sandcastle\Presentation\vs2005\icons\drpdown_orange.gif -> C:\GoogleCode\Moq\trunk\Help\Working\Output\icons\drpdown_orange.gif
C:\GoogleCode\Moq\trunk\Tools\Sandcastle\Presentation\vs2005\icons\drpdown_orange_up.gif -> C:\GoogleCode\Moq\trunk\Help\Working\Output\icons\drpdown_orange_up.gif
C:\GoogleCode\Moq\trunk\Tools\Sandcastle\Presentation\vs2005\icons\drpup.gif -> C:\GoogleCode\Moq\trunk\Help\Working\Output\icons\drpup.gif
C:\GoogleCode\Moq\trunk\Tools\Sandcastle\Presentation\vs2005\icons\exp.gif -> C:\GoogleCode\Moq\trunk\Help\Working\Output\icons\exp.gif
C:\GoogleCode\Moq\trunk\Tools\Sandcastle\Presentation\vs2005\icons\expall.gif -> C:\GoogleCode\Moq\trunk\Help\Working\Output\icons\expall.gif
C:\GoogleCode\Moq\trunk\Tools\Sandcastle\Presentation\vs2005\icons\expand_all.gif -> C:\GoogleCode\Moq\trunk\Help\Working\Output\icons\expand_all.gif
C:\GoogleCode\Moq\trunk\Tools\Sandcastle\Presentation\vs2005\icons\filter1a.gif -> C:\GoogleCode\Moq\trunk\Help\Working\Output\icons\filter1a.gif
C:\GoogleCode\Moq\trunk\Tools\Sandcastle\Presentation\vs2005\icons\filter1c.gif -> C:\GoogleCode\Moq\trunk\Help\Working\Output\icons\filter1c.gif
C:\GoogleCode\Moq\trunk\Tools\Sandcastle\Presentation\vs2005\icons\footer.gif -> C:\GoogleCode\Moq\trunk\Help\Working\Output\icons\footer.gif
C:\GoogleCode\Moq\trunk\Tools\Sandcastle\Presentation\vs2005\icons\gradient.gif -> C:\GoogleCode\Moq\trunk\Help\Working\Output\icons\gradient.gif
C:\GoogleCode\Moq\trunk\Tools\Sandcastle\Presentation\vs2005\icons\greencheck.gif -> C:\GoogleCode\Moq\trunk\Help\Working\Output\icons\greencheck.gif
C:\GoogleCode\Moq\trunk\Tools\Sandcastle\Presentation\vs2005\icons\greychck.gif -> C:\GoogleCode\Moq\trunk\Help\Working\Output\icons\greychck.gif
C:\GoogleCode\Moq\trunk\Tools\Sandcastle\Presentation\vs2005\icons\header_prev_next.jpg -> C:\GoogleCode\Moq\trunk\Help\Working\Output\icons\header_prev_next.jpg
C:\GoogleCode\Moq\trunk\Tools\Sandcastle\Presentation\vs2005\icons\header_sql_tutorial_blank.jpg -> C:\GoogleCode\Moq\trunk\Help\Working\Output\icons\header_sql_tutorial_blank.jpg
C:\GoogleCode\Moq\trunk\Tools\Sandcastle\Presentation\vs2005\icons\header_sql_tutorial_logo.GIF -> C:\GoogleCode\Moq\trunk\Help\Working\Output\icons\header_sql_tutorial_logo.GIF
C:\GoogleCode\Moq\trunk\Tools\Sandcastle\Presentation\vs2005\icons\kw.gif -> C:\GoogleCode\Moq\trunk\Help\Working\Output\icons\kw.gif
C:\GoogleCode\Moq\trunk\Tools\Sandcastle\Presentation\vs2005\icons\kw_adm.gif -> C:\GoogleCode\Moq\trunk\Help\Working\Output\icons\kw_adm.gif
C:\GoogleCode\Moq\trunk\Tools\Sandcastle\Presentation\vs2005\icons\kw_adm_arch.gif -> C:\GoogleCode\Moq\trunk\Help\Working\Output\icons\kw_adm_arch.gif
C:\GoogleCode\Moq\trunk\Tools\Sandcastle\Presentation\vs2005\icons\kw_adm_dev.gif -> C:\GoogleCode\Moq\trunk\Help\Working\Output\icons\kw_adm_dev.gif
C:\GoogleCode\Moq\trunk\Tools\Sandcastle\Presentation\vs2005\icons\kw_adm_dev_arch.gif -> C:\GoogleCode\Moq\trunk\Help\Working\Output\icons\kw_adm_dev_arch.gif
C:\GoogleCode\Moq\trunk\Tools\Sandcastle\Presentation\vs2005\icons\kw_arch.gif -> C:\GoogleCode\Moq\trunk\Help\Working\Output\icons\kw_arch.gif
C:\GoogleCode\Moq\trunk\Tools\Sandcastle\Presentation\vs2005\icons\kw_dev.gif -> C:\GoogleCode\Moq\trunk\Help\Working\Output\icons\kw_dev.gif
C:\GoogleCode\Moq\trunk\Tools\Sandcastle\Presentation\vs2005\icons\kw_dev_arch.gif -> C:\GoogleCode\Moq\trunk\Help\Working\Output\icons\kw_dev_arch.gif
C:\GoogleCode\Moq\trunk\Tools\Sandcastle\Presentation\vs2005\icons\LastChild.gif -> C:\GoogleCode\Moq\trunk\Help\Working\Output\icons\LastChild.gif
C:\GoogleCode\Moq\trunk\Tools\Sandcastle\Presentation\vs2005\icons\load.gif -> C:\GoogleCode\Moq\trunk\Help\Working\Output\icons\load.gif
C:\GoogleCode\Moq\trunk\Tools\Sandcastle\Presentation\vs2005\icons\load_hover.gif -> C:\GoogleCode\Moq\trunk\Help\Working\Output\icons\load_hover.gif
C:\GoogleCode\Moq\trunk\Tools\Sandcastle\Presentation\vs2005\icons\note.gif -> C:\GoogleCode\Moq\trunk\Help\Working\Output\icons\note.gif
C:\GoogleCode\Moq\trunk\Tools\Sandcastle\Presentation\vs2005\icons\pencil.GIF -> C:\GoogleCode\Moq\trunk\Help\Working\Output\icons\pencil.GIF
C:\GoogleCode\Moq\trunk\Tools\Sandcastle\Presentation\vs2005\icons\privclass.gif -> C:\GoogleCode\Moq\trunk\Help\Working\Output\icons\privclass.gif
C:\GoogleCode\Moq\trunk\Tools\Sandcastle\Presentation\vs2005\icons\privdelegate.gif -> C:\GoogleCode\Moq\trunk\Help\Working\Output\icons\privdelegate.gif
C:\GoogleCode\Moq\trunk\Tools\Sandcastle\Presentation\vs2005\icons\privenum.gif -> C:\GoogleCode\Moq\trunk\Help\Working\Output\icons\privenum.gif
C:\GoogleCode\Moq\trunk\Tools\Sandcastle\Presentation\vs2005\icons\privenumeration.gif -> C:\GoogleCode\Moq\trunk\Help\Working\Output\icons\privenumeration.gif
C:\GoogleCode\Moq\trunk\Tools\Sandcastle\Presentation\vs2005\icons\privevent.gif -> C:\GoogleCode\Moq\trunk\Help\Working\Output\icons\privevent.gif
C:\GoogleCode\Moq\trunk\Tools\Sandcastle\Presentation\vs2005\icons\privextension.gif -> C:\GoogleCode\Moq\trunk\Help\Working\Output\icons\privextension.gif
C:\GoogleCode\Moq\trunk\Tools\Sandcastle\Presentation\vs2005\icons\privfield.gif -> C:\GoogleCode\Moq\trunk\Help\Working\Output\icons\privfield.gif
C:\GoogleCode\Moq\trunk\Tools\Sandcastle\Presentation\vs2005\icons\privinterface.gif -> C:\GoogleCode\Moq\trunk\Help\Working\Output\icons\privinterface.gif
C:\GoogleCode\Moq\trunk\Tools\Sandcastle\Presentation\vs2005\icons\privmethod.gif -> C:\GoogleCode\Moq\trunk\Help\Working\Output\icons\privmethod.gif
C:\GoogleCode\Moq\trunk\Tools\Sandcastle\Presentation\vs2005\icons\privproperty.gif -> C:\GoogleCode\Moq\trunk\Help\Working\Output\icons\privproperty.gif
C:\GoogleCode\Moq\trunk\Tools\Sandcastle\Presentation\vs2005\icons\privstructure.gif -> C:\GoogleCode\Moq\trunk\Help\Working\Output\icons\privstructure.gif
C:\GoogleCode\Moq\trunk\Tools\Sandcastle\Presentation\vs2005\icons\protclass.gif -> C:\GoogleCode\Moq\trunk\Help\Working\Output\icons\protclass.gif
C:\GoogleCode\Moq\trunk\Tools\Sandcastle\Presentation\vs2005\icons\protdelegate.gif -> C:\GoogleCode\Moq\trunk\Help\Working\Output\icons\protdelegate.gif
C:\GoogleCode\Moq\trunk\Tools\Sandcastle\Presentation\vs2005\icons\protenum.gif -> C:\GoogleCode\Moq\trunk\Help\Working\Output\icons\protenum.gif
C:\GoogleCode\Moq\trunk\Tools\Sandcastle\Presentation\vs2005\icons\protenumeration.gif -> C:\GoogleCode\Moq\trunk\Help\Working\Output\icons\protenumeration.gif
C:\GoogleCode\Moq\trunk\Tools\Sandcastle\Presentation\vs2005\icons\protevent.gif -> C:\GoogleCode\Moq\trunk\Help\Working\Output\icons\protevent.gif
C:\GoogleCode\Moq\trunk\Tools\Sandcastle\Presentation\vs2005\icons\protextension.gif -> C:\GoogleCode\Moq\trunk\Help\Working\Output\icons\protextension.gif
C:\GoogleCode\Moq\trunk\Tools\Sandcastle\Presentation\vs2005\icons\protfield.gif -> C:\GoogleCode\Moq\trunk\Help\Working\Output\icons\protfield.gif
C:\GoogleCode\Moq\trunk\Tools\Sandcastle\Presentation\vs2005\icons\protinterface.gif -> C:\GoogleCode\Moq\trunk\Help\Working\Output\icons\protinterface.gif
C:\GoogleCode\Moq\trunk\Tools\Sandcastle\Presentation\vs2005\icons\protmethod.gif -> C:\GoogleCode\Moq\trunk\Help\Working\Output\icons\protmethod.gif
C:\GoogleCode\Moq\trunk\Tools\Sandcastle\Presentation\vs2005\icons\protoperator.gif -> C:\GoogleCode\Moq\trunk\Help\Working\Output\icons\protoperator.gif
C:\GoogleCode\Moq\trunk\Tools\Sandcastle\Presentation\vs2005\icons\protproperty.gif -> C:\GoogleCode\Moq\trunk\Help\Working\Output\icons\protproperty.gif
C:\GoogleCode\Moq\trunk\Tools\Sandcastle\Presentation\vs2005\icons\protstructure.gif -> C:\GoogleCode\Moq\trunk\Help\Working\Output\icons\protstructure.gif
C:\GoogleCode\Moq\trunk\Tools\Sandcastle\Presentation\vs2005\icons\pubclass.gif -> C:\GoogleCode\Moq\trunk\Help\Working\Output\icons\pubclass.gif
C:\GoogleCode\Moq\trunk\Tools\Sandcastle\Presentation\vs2005\icons\pubdelegate.gif -> C:\GoogleCode\Moq\trunk\Help\Working\Output\icons\pubdelegate.gif
C:\GoogleCode\Moq\trunk\Tools\Sandcastle\Presentation\vs2005\icons\pubenum.gif -> C:\GoogleCode\Moq\trunk\Help\Working\Output\icons\pubenum.gif
C:\GoogleCode\Moq\trunk\Tools\Sandcastle\Presentation\vs2005\icons\pubenumeration.gif -> C:\GoogleCode\Moq\trunk\Help\Working\Output\icons\pubenumeration.gif
C:\GoogleCode\Moq\trunk\Tools\Sandcastle\Presentation\vs2005\icons\pubevent.gif -> C:\GoogleCode\Moq\trunk\Help\Working\Output\icons\pubevent.gif
C:\GoogleCode\Moq\trunk\Tools\Sandcastle\Presentation\vs2005\icons\pubextension.gif -> C:\GoogleCode\Moq\trunk\Help\Working\Output\icons\pubextension.gif
C:\GoogleCode\Moq\trunk\Tools\Sandcastle\Presentation\vs2005\icons\pubfield.gif -> C:\GoogleCode\Moq\trunk\Help\Working\Output\icons\pubfield.gif
C:\GoogleCode\Moq\trunk\Tools\Sandcastle\Presentation\vs2005\icons\pubinterface.gif -> C:\GoogleCode\Moq\trunk\Help\Working\Output\icons\pubinterface.gif
C:\GoogleCode\Moq\trunk\Tools\Sandcastle\Presentation\vs2005\icons\pubmethod.gif -> C:\GoogleCode\Moq\trunk\Help\Working\Output\icons\pubmethod.gif
C:\GoogleCode\Moq\trunk\Tools\Sandcastle\Presentation\vs2005\icons\puboperator.gif -> C:\GoogleCode\Moq\trunk\Help\Working\Output\icons\puboperator.gif
C:\GoogleCode\Moq\trunk\Tools\Sandcastle\Presentation\vs2005\icons\pubproperty.gif -> C:\GoogleCode\Moq\trunk\Help\Working\Output\icons\pubproperty.gif
C:\GoogleCode\Moq\trunk\Tools\Sandcastle\Presentation\vs2005\icons\pubstructure.gif -> C:\GoogleCode\Moq\trunk\Help\Working\Output\icons\pubstructure.gif
C:\GoogleCode\Moq\trunk\Tools\Sandcastle\Presentation\vs2005\icons\requirements1a.gif -> C:\GoogleCode\Moq\trunk\Help\Working\Output\icons\requirements1a.gif
C:\GoogleCode\Moq\trunk\Tools\Sandcastle\Presentation\vs2005\icons\requirements1c.gif -> C:\GoogleCode\Moq\trunk\Help\Working\Output\icons\requirements1c.gif
C:\GoogleCode\Moq\trunk\Tools\Sandcastle\Presentation\vs2005\icons\save.gif -> C:\GoogleCode\Moq\trunk\Help\Working\Output\icons\save.gif
C:\GoogleCode\Moq\trunk\Tools\Sandcastle\Presentation\vs2005\icons\save_hover.gif -> C:\GoogleCode\Moq\trunk\Help\Working\Output\icons\save_hover.gif
C:\GoogleCode\Moq\trunk\Tools\Sandcastle\Presentation\vs2005\icons\security.gif -> C:\GoogleCode\Moq\trunk\Help\Working\Output\icons\security.gif
C:\GoogleCode\Moq\trunk\Tools\Sandcastle\Presentation\vs2005\icons\seealso1a.gif -> C:\GoogleCode\Moq\trunk\Help\Working\Output\icons\seealso1a.gif
C:\GoogleCode\Moq\trunk\Tools\Sandcastle\Presentation\vs2005\icons\seealso1c.gif -> C:\GoogleCode\Moq\trunk\Help\Working\Output\icons\seealso1c.gif
C:\GoogleCode\Moq\trunk\Tools\Sandcastle\Presentation\vs2005\icons\static.gif -> C:\GoogleCode\Moq\trunk\Help\Working\Output\icons\static.gif
C:\GoogleCode\Moq\trunk\Tools\Sandcastle\Presentation\vs2005\icons\xna.gif -> C:\GoogleCode\Moq\trunk\Help\Working\Output\icons\xna.gif
C:\GoogleCode\Moq\trunk\Tools\Sandcastle\Presentation\vs2005\scripts\CheckboxMenu.js -> C:\GoogleCode\Moq\trunk\Help\Working\Output\scripts\CheckboxMenu.js
C:\GoogleCode\Moq\trunk\Tools\Sandcastle\Presentation\vs2005\scripts\CommonUtilities.js -> C:\GoogleCode\Moq\trunk\Help\Working\Output\scripts\CommonUtilities.js
C:\GoogleCode\Moq\trunk\Tools\Sandcastle\Presentation\vs2005\scripts\Dropdown.js -> C:\GoogleCode\Moq\trunk\Help\Working\Output\scripts\Dropdown.js
C:\GoogleCode\Moq\trunk\Tools\Sandcastle\Presentation\vs2005\scripts\EventUtilities.js -> C:\GoogleCode\Moq\trunk\Help\Working\Output\scripts\EventUtilities.js
C:\GoogleCode\Moq\trunk\Tools\Sandcastle\Presentation\vs2005\scripts\script_feedBack.js -> C:\GoogleCode\Moq\trunk\Help\Working\Output\scripts\script_feedBack.js
C:\GoogleCode\Moq\trunk\Tools\Sandcastle\Presentation\vs2005\scripts\script_loc.js -> C:\GoogleCode\Moq\trunk\Help\Working\Output\scripts\script_loc.js
C:\GoogleCode\Moq\trunk\Tools\Sandcastle\Presentation\vs2005\scripts\script_manifold.js -> C:\GoogleCode\Moq\trunk\Help\Working\Output\scripts\script_manifold.js
C:\GoogleCode\Moq\trunk\Tools\Sandcastle\Presentation\vs2005\scripts\SplitScreen.js -> C:\GoogleCode\Moq\trunk\Help\Working\Output\scripts\SplitScreen.js
C:\GoogleCode\Moq\trunk\Tools\Sandcastle\Presentation\vs2005\styles\Presentation.css -> C:\GoogleCode\Moq\trunk\Help\Working\Output\styles\Presentation.css
C:\GoogleCode\Moq\trunk\Tools\Sandcastle\Presentation\vs2005\styles\Whidbey\presentation.css -> C:\GoogleCode\Moq\trunk\Help\Working\Output\styles\Whidbey\presentation.css
    Last step completed in 00:00:00.3438

Copying additional content files...
No additional content to copy
    Last step completed in 00:00:00.0156
-------------------------------
Creating Sandcastle configuration file...
    Last step completed in 00:00:00.0000
-------------------------------
Merging custom build component configurations
    No component configurations to merge
    Last step completed in 00:00:00.0156
-------------------------------
Building help topics...
[C:\GoogleCode\Moq\trunk\Help\Working\BuildHelpTopics.bat]
BuildAssembler (v2.3.8000.26)
Copyright c Microsoft 2006
Info: CopyFromFileComponent: Instantiating component.
Info: CopyFromFileComponent: Loading data file 'C:\GoogleCode\Moq\trunk\Tools\Sandcastle\Presentation\vs2005\Transforms\skeleton.xml'.
Info: CopyFromIndexComponent: Instantiating component.
Info: CopyFromIndexComponent: Searching for files that match '*.xml'.
Info: CopyFromIndexComponent: Searching for files that match 'reflection.xml'.
Info: CopyFromIndexComponent: Indexed 32049 elements in 4 files.
Info: CopyFromIndexComponent: Instantiating component.
Info: ForEachComponent: Instantiating component.
Info: ForEachComponent: Loading subcomponents.
Info: CopyFromIndexComponent: Instantiating component.
Info: ForEachComponent: Loaded 1 subcomponents.
Info: ForEachComponent: Instantiating component.
Info: ForEachComponent: Loading subcomponents.
Info: CopyFromIndexComponent: Instantiating component.
Info: ForEachComponent: Loaded 1 subcomponents.
Info: ForEachComponent: Instantiating component.
Info: ForEachComponent: Loading subcomponents.
Info: CopyFromIndexComponent: Instantiating component.
Info: ForEachComponent: Loaded 1 subcomponents.
Info: IfThenComponent: Instantiating component.
Info: SyntaxComponent: Instantiating component.
Info: SyntaxComponent: Loaded 1 syntax generators.
Info: CopyFromIndexComponent: Instantiating component.
Info: CopyFromIndexComponent: Searching for files that match '*.xml'.
Info: CopyFromIndexComponent: Searching for files that match 'C:\GoogleCode\Moq\trunk\Help\Working\Moq.xml'.
Info: CopyFromIndexComponent: Indexed 61 elements in 1 files.
Info: ForEachComponent: Instantiating component.
Info: ForEachComponent: Loading subcomponents.
Info: IfThenComponent: Instantiating component.
Info: CopyFromIndexComponent: Instantiating component.
Info: CopyFromIndexComponent: Instantiating component.
Info: ForEachComponent: Loaded 2 subcomponents.
Info: CopyFromIndexComponent: Instantiating component.
Info: ShowMissingComponent: Instantiating component.
Info: ShowMissingComponent: 
    [Sandcastle Help File Builder Components, version 1.6.0.2]
    Show Missing Documentation Component. Copyright c 2006-2007, Eric Woodruff, All Rights Reserved
    http://www.codeplex.com/SHFB
Info: VersionInfoComponent: Instantiating component.
Info: VersionInfoComponent: 
    [Sandcastle Help File Builder Components, version 1.6.0.2]
    Version Information Component. Copyright c 2006-2007, Eric Woodruff, All Rights Reserved
    http://www.codeplex.com/SHFB
Info: CodeBlockComponent: Instantiating component.
Info: CodeBlockComponent: 
    [Sandcastle Help File Builder Components, version 1.6.0.2]
    Code Block Component. Copyright c 2006-2007, Eric Woodruff, All Rights Reserved.
    Portions copyright (c) 2003, Jonathan de Halleux, All rights reserved.
    http://www.codeplex.com/SHFB
Info: TransformComponent: Instantiating component.
Info: PostTransformComponent: Instantiating component.
Info: PostTransformComponent: 
    [Sandcastle Help File Builder Components, version 1.6.0.2]
    Post-Transform Component. Copyright c 2006-2007, Eric Woodruff, All Rights Reserved
    http://www.codeplex.com/SHFB
Info: SharedContentComponent: Instantiating component.
Info: SharedContentComponent: Searching for files that match 'C:\GoogleCode\Moq\trunk\Tools\Sandcastle\Presentation\vs2005\content\shared_content.xml'.
Info: SharedContentComponent: Loading shared content file 'C:\GoogleCode\Moq\trunk\Tools\Sandcastle\Presentation\vs2005\content\shared_content.xml'.
Info: SharedContentComponent: Found 1 files in C:\GoogleCode\Moq\trunk\Tools\Sandcastle\Presentation\vs2005\content\shared_content.xml.
Info: SharedContentComponent: Searching for files that match 'C:\GoogleCode\Moq\trunk\Tools\Sandcastle\Presentation\vs2005\content\reference_content.xml'.
Info: SharedContentComponent: Loading shared content file 'C:\GoogleCode\Moq\trunk\Tools\Sandcastle\Presentation\vs2005\content\reference_content.xml'.
Info: SharedContentComponent: Found 1 files in C:\GoogleCode\Moq\trunk\Tools\Sandcastle\Presentation\vs2005\content\reference_content.xml.
Info: SharedContentComponent: Searching for files that match 'C:\GoogleCode\Moq\trunk\Tools\Sandcastle\Presentation\shared\content\syntax_content.xml'.
Info: SharedContentComponent: Loading shared content file 'C:\GoogleCode\Moq\trunk\Tools\Sandcastle\Presentation\shared\content\syntax_content.xml'.
Info: SharedContentComponent: Found 1 files in C:\GoogleCode\Moq\trunk\Tools\Sandcastle\Presentation\shared\content\syntax_content.xml.
Info: SharedContentComponent: Searching for files that match 'C:\GoogleCode\Moq\trunk\Tools\Sandcastle\Presentation\vs2005\content\feedback_content.xml'.
Info: SharedContentComponent: Loading shared content file 'C:\GoogleCode\Moq\trunk\Tools\Sandcastle\Presentation\vs2005\content\feedBack_content.xml'.
Info: SharedContentComponent: Found 1 files in C:\GoogleCode\Moq\trunk\Tools\Sandcastle\Presentation\vs2005\content\feedback_content.xml.
Info: SharedContentComponent: Searching for files that match 'SharedBuilderContent.xml'.
Info: SharedContentComponent: Loading shared content file 'C:\GoogleCode\Moq\trunk\Help\Working\SharedBuilderContent.xml'.
Info: SharedContentComponent: Overriding shared content item 'roottopictitle' with value in file 'C:\GoogleCode\Moq\trunk\Help\Working\SharedBuilderContent.xml'.
Info: SharedContentComponent: Overriding shared content item 'rootlink' with value in file 'C:\GoogleCode\Moq\trunk\Help\Working\SharedBuilderContent.xml'.
Info: SharedContentComponent: Overriding shared content item 'runningheadertext' with value in file 'C:\GoogleCode\Moq\trunk\Help\Working\SharedBuilderContent.xml'.
Info: SharedContentComponent: Overriding shared content item 'locationinformation' with value in file 'C:\GoogleCode\Moq\trunk\Help\Working\SharedBuilderContent.xml'.
Info: SharedContentComponent: Overriding shared content item 'assemblynameandmodule' with value in file 'C:\GoogleCode\Moq\trunk\Help\Working\SharedBuilderContent.xml'.
Info: SharedContentComponent: Overriding shared content item 'copycode' with value in file 'C:\GoogleCode\Moq\trunk\Help\Working\SharedBuilderContent.xml'.
Info: SharedContentComponent: Overriding shared content item 'locale' with value in file 'C:\GoogleCode\Moq\trunk\Help\Working\SharedBuilderContent.xml'.
Info: SharedContentComponent: Found 1 files in SharedBuilderContent.xml.
Info: SharedContentComponent: Searching for files that match 'PresentationStyleBuilderContent.xml'.
Info: SharedContentComponent: Loading shared content file 'C:\GoogleCode\Moq\trunk\Help\Working\PresentationStyleBuilderContent.xml'.
Info: SharedContentComponent: Overriding shared content item 'header' with value in file 'C:\GoogleCode\Moq\trunk\Help\Working\PresentationStyleBuilderContent.xml'.
Info: SharedContentComponent: Overriding shared content item 'footer' with value in file 'C:\GoogleCode\Moq\trunk\Help\Working\PresentationStyleBuilderContent.xml'.
Info: SharedContentComponent: Overriding shared content item 'fb_alias' with value in file 'C:\GoogleCode\Moq\trunk\Help\Working\PresentationStyleBuilderContent.xml'.
Info: SharedContentComponent: Overriding shared content item 'fb_product' with value in file 'C:\GoogleCode\Moq\trunk\Help\Working\PresentationStyleBuilderContent.xml'.
Info: SharedContentComponent: Overriding shared content item 'fb_body' with value in file 'C:\GoogleCode\Moq\trunk\Help\Working\PresentationStyleBuilderContent.xml'.
Info: SharedContentComponent: Overriding shared content item 'fb_send' with value in file 'C:\GoogleCode\Moq\trunk\Help\Working\PresentationStyleBuilderContent.xml'.
Info: SharedContentComponent: Overriding shared content item 'fb_feedback' with value in file 'C:\GoogleCode\Moq\trunk\Help\Working\PresentationStyleBuilderContent.xml'.
Info: SharedContentComponent: Overriding shared content item 'fb_feedbacktext' with value in file 'C:\GoogleCode\Moq\trunk\Help\Working\PresentationStyleBuilderContent.xml'.
Info: SharedContentComponent: Overriding shared content item 'fb_headerfeedback' with value in file 'C:\GoogleCode\Moq\trunk\Help\Working\PresentationStyleBuilderContent.xml'.
Info: SharedContentComponent: Overriding shared content item 'feedback_alias' with value in file 'C:\GoogleCode\Moq\trunk\Help\Working\PresentationStyleBuilderContent.xml'.
Info: SharedContentComponent: Overriding shared content item 'feedback_product' with value in file 'C:\GoogleCode\Moq\trunk\Help\Working\PresentationStyleBuilderContent.xml'.
Info: SharedContentComponent: Overriding shared content item 'feedback_body' with value in file 'C:\GoogleCode\Moq\trunk\Help\Working\PresentationStyleBuilderContent.xml'.
Info: SharedContentComponent: Overriding shared content item 'feedback_feedbacktext' with value in file 'C:\GoogleCode\Moq\trunk\Help\Working\PresentationStyleBuilderContent.xml'.
Info: SharedContentComponent: Overriding shared content item 'feedback_ratings' with value in file 'C:\GoogleCode\Moq\trunk\Help\Working\PresentationStyleBuilderContent.xml'.
Info: SharedContentComponent: Found 1 files in PresentationStyleBuilderContent.xml.
Info: SharedContentComponent: Loaded 549 shared content items.
Info: ResolveReferenceLinksComponent2: Instantiating component.
Info: ResolveReferenceLinksComponent2: Creating MSDN URL resolver.
Info: ResolveReferenceLinksComponent2: Searching directory 'C:\GoogleCode\Moq\trunk\Tools\Sandcastle\Data\Reflection' for targets files of the form '*.xml'.
Info: ResolveReferenceLinksComponent2: Searching directory 'C:\GoogleCode\Moq\trunk\Help\Working' for targets files of the form 'reflection.xml'.
Info: ResolveReferenceLinksComponent2: Loaded 32049 reference targets.
Info: SaveComponent: Instantiating component.
Info: BuildAssembler: Building topic N:Moq
Info: BuildAssembler: Building topic T:Moq.ICall
Info: BuildAssembler: Building topic AllMembers.T:Moq.ICall
Info: BuildAssembler: Building topic Methods.T:Moq.ICall
Info: BuildAssembler: Building topic M:Moq.ICall.Callback(System.Action)
Info: BuildAssembler: Building topic M:Moq.ICall.Throws(System.Exception)
Info: BuildAssembler: Building topic T:Moq.ICall`1
Info: BuildAssembler: Building topic AllMembers.T:Moq.ICall`1
Info: BuildAssembler: Building topic Methods.T:Moq.ICall`1
Info: BuildAssembler: Building topic Overload:Moq.ICall`1.Callback
Info: BuildAssembler: Building topic Overload:Moq.ICall`1.Returns
Info: BuildAssembler: Building topic M:Moq.ICall`1.Callback(System.Action)
Info: BuildAssembler: Building topic M:Moq.ICall`1.Returns(System.Func{`0})
Info: BuildAssembler: Building topic M:Moq.ICall`1.Returns(`0)
Info: BuildAssembler: Building topic T:Moq.It
Info: BuildAssembler: Building topic AllMembers.T:Moq.It
Info: BuildAssembler: Building topic Methods.T:Moq.It
Info: BuildAssembler: Building topic Overload:Moq.It.IsRegex
Info: BuildAssembler: Building topic M:Moq.It.Is``1(System.Linq.Expressions.Expression{System.Predicate{``0}})
Info: BuildAssembler: Building topic M:Moq.It.IsAny``1
Info: BuildAssembler: Building topic M:Moq.It.IsInRange``1(``0,``0,Moq.Range)
Info: BuildAssembler: Building topic M:Moq.It.IsRegex(System.String)
Info: BuildAssembler: Building topic M:Moq.It.IsRegex(System.String,System.Text.RegularExpressions.RegexOptions)
Info: BuildAssembler: Building topic T:Moq.Mock`1
Info: BuildAssembler: Building topic AllMembers.T:Moq.Mock`1
Info: BuildAssembler: Building topic Methods.T:Moq.Mock`1
Info: BuildAssembler: Building topic Properties.T:Moq.Mock`1
Info: BuildAssembler: Building topic Overload:Moq.Mock`1.Expect
Info: BuildAssembler: Building topic M:Moq.Mock`1.#ctor
Info: ShowMissingComponent: Auto-documenting constructor M:Moq.Mock`1.#ctor
Info: BuildAssembler: Building topic M:Moq.Mock`1.Expect(System.Linq.Expressions.Expression{System.Action{`0}})
Info: BuildAssembler: Building topic M:Moq.Mock`1.Expect``1(System.Linq.Expressions.Expression{System.Func{`0,``0}})
Info: BuildAssembler: Building topic P:Moq.Mock`1.Object
Info: BuildAssembler: Building topic T:Moq.Range
Info: Processed 33 topics
    Last step completed in 00:00:28.5156
-------------------------------
Generating intermediate table of content file...
[C:\GoogleCode\Moq\trunk\Help\Working\GenerateIntermediateTOC.bat]
XslTransform (v2.3.8000.26)
Copyright c Microsoft 2005-2006
Info: Applying XSL transformation 'C:\GoogleCode\Moq\trunk\Tools\Sandcastle\ProductionTransforms\CreateVSToc.xsl'.

Clearing any prior web output
    Last step completed in 00:00:00.7031
-------------------------------
Generating HTML Help 1.x table of content file...
[C:\GoogleCode\Moq\trunk\Help\Working\Generate1xTOC.bat]
XslTransform (v2.3.8000.26)
Copyright c Microsoft 2005-2006
Info: Applying XSL transformation 'C:\GoogleCode\Moq\trunk\Tools\Sandcastle\ProductionTransforms\TocToChmContents.xsl'.
    Last step completed in 00:00:00.5625
Updating table of content with additional content items and determining default topic...
    Last step completed in 00:00:00.0000
-------------------------------
Generating HTML Help 1.x index file...
[C:\GoogleCode\Moq\trunk\Help\Working\Generate1xIndex.bat]
XslTransform (v2.3.8000.26)
Copyright c Microsoft 2005-2006
Info: Applying XSL transformation 'C:\GoogleCode\Moq\trunk\Tools\Sandcastle\ProductionTransforms\ReflectionToChmIndex.xsl'.
    Last step completed in 00:00:00.4063
-------------------------------
Generating HTML Help 1.x project file...
    Last step completed in 00:00:00.0000
-------------------------------
Compiling HTML Help 1.x file...
[C:\GoogleCode\Moq\trunk\Help\Working\Build1xHelpFile.bat]
Microsoft HTML Help Compiler 4.74.8702



Compiling c:\GoogleCode\Moq\trunk\Help\Working\Output\Moq.chm





Compile time: 0 minutes, 0 seconds

35	Topics

312	Local links

56	Internet links

0	Graphics





Created c:\GoogleCode\Moq\trunk\Help\Working\Output\Moq.chm, 128,093 bytes

Compression decreased file by 436,135 bytes.

    Last step completed in 00:00:00.8750
-------------------------------
Generating website table of content file...
[C:\GoogleCode\Moq\trunk\Help\Working\GenerateWebsiteTOC.bat]
XslTransform (v2.3.8000.26)
Copyright c Microsoft 2005-2006
Info: Applying XSL transformation 'TocToWebContents.xsl'.
    Last step completed in 00:00:00.5781
Updating table of content with additional content items and determining default topic...
    Last step completed in 00:00:00.0000
-------------------------------
Generating full-text index for the website...

    Last step completed in 00:00:00.1406
-------------------------------
Copying website files to output folder...

C:\GoogleCode\Moq\trunk\Help\Working\Output\fti\FTI_100.bin -> C:\GoogleCode\Moq\trunk\Help\fti\FTI_100.bin
C:\GoogleCode\Moq\trunk\Help\Working\Output\fti\FTI_101.bin -> C:\GoogleCode\Moq\trunk\Help\fti\FTI_101.bin
C:\GoogleCode\Moq\trunk\Help\Working\Output\fti\FTI_102.bin -> C:\GoogleCode\Moq\trunk\Help\fti\FTI_102.bin
C:\GoogleCode\Moq\trunk\Help\Working\Output\fti\FTI_103.bin -> C:\GoogleCode\Moq\trunk\Help\fti\FTI_103.bin
C:\GoogleCode\Moq\trunk\Help\Working\Output\fti\FTI_104.bin -> C:\GoogleCode\Moq\trunk\Help\fti\FTI_104.bin
C:\GoogleCode\Moq\trunk\Help\Working\Output\fti\FTI_105.bin -> C:\GoogleCode\Moq\trunk\Help\fti\FTI_105.bin
C:\GoogleCode\Moq\trunk\Help\Working\Output\fti\FTI_107.bin -> C:\GoogleCode\Moq\trunk\Help\fti\FTI_107.bin
C:\GoogleCode\Moq\trunk\Help\Working\Output\fti\FTI_108.bin -> C:\GoogleCode\Moq\trunk\Help\fti\FTI_108.bin
C:\GoogleCode\Moq\trunk\Help\Working\Output\fti\FTI_109.bin -> C:\GoogleCode\Moq\trunk\Help\fti\FTI_109.bin
C:\GoogleCode\Moq\trunk\Help\Working\Output\fti\FTI_110.bin -> C:\GoogleCode\Moq\trunk\Help\fti\FTI_110.bin
C:\GoogleCode\Moq\trunk\Help\Working\Output\fti\FTI_111.bin -> C:\GoogleCode\Moq\trunk\Help\fti\FTI_111.bin
C:\GoogleCode\Moq\trunk\Help\Working\Output\fti\FTI_112.bin -> C:\GoogleCode\Moq\trunk\Help\fti\FTI_112.bin
C:\GoogleCode\Moq\trunk\Help\Working\Output\fti\FTI_113.bin -> C:\GoogleCode\Moq\trunk\Help\fti\FTI_113.bin
C:\GoogleCode\Moq\trunk\Help\Working\Output\fti\FTI_114.bin -> C:\GoogleCode\Moq\trunk\Help\fti\FTI_114.bin
C:\GoogleCode\Moq\trunk\Help\Working\Output\fti\FTI_115.bin -> C:\GoogleCode\Moq\trunk\Help\fti\FTI_115.bin
C:\GoogleCode\Moq\trunk\Help\Working\Output\fti\FTI_116.bin -> C:\GoogleCode\Moq\trunk\Help\fti\FTI_116.bin
C:\GoogleCode\Moq\trunk\Help\Working\Output\fti\FTI_117.bin -> C:\GoogleCode\Moq\trunk\Help\fti\FTI_117.bin
C:\GoogleCode\Moq\trunk\Help\Working\Output\fti\FTI_118.bin -> C:\GoogleCode\Moq\trunk\Help\fti\FTI_118.bin
C:\GoogleCode\Moq\trunk\Help\Working\Output\fti\FTI_119.bin -> C:\GoogleCode\Moq\trunk\Help\fti\FTI_119.bin
C:\GoogleCode\Moq\trunk\Help\Working\Output\fti\FTI_97.bin -> C:\GoogleCode\Moq\trunk\Help\fti\FTI_97.bin
C:\GoogleCode\Moq\trunk\Help\Working\Output\fti\FTI_98.bin -> C:\GoogleCode\Moq\trunk\Help\fti\FTI_98.bin
C:\GoogleCode\Moq\trunk\Help\Working\Output\fti\FTI_99.bin -> C:\GoogleCode\Moq\trunk\Help\fti\FTI_99.bin
C:\GoogleCode\Moq\trunk\Help\Working\Output\fti\FTI_Files.bin -> C:\GoogleCode\Moq\trunk\Help\fti\FTI_Files.bin
C:\GoogleCode\Moq\trunk\Help\Working\Output\html\001d58b8-78a7-4eca-a4d1-fff227062833.htm -> C:\GoogleCode\Moq\trunk\Help\html\001d58b8-78a7-4eca-a4d1-fff227062833.htm
C:\GoogleCode\Moq\trunk\Help\Working\Output\html\0692aef3-509d-3e1d-41bc-597a4f85fd6e.htm -> C:\GoogleCode\Moq\trunk\Help\html\0692aef3-509d-3e1d-41bc-597a4f85fd6e.htm
C:\GoogleCode\Moq\trunk\Help\Working\Output\html\0b9eb26d-c80e-ff4b-6543-97bca24c575a.htm -> C:\GoogleCode\Moq\trunk\Help\html\0b9eb26d-c80e-ff4b-6543-97bca24c575a.htm
C:\GoogleCode\Moq\trunk\Help\Working\Output\html\11844e9f-0087-b72b-7ad6-920119169c19.htm -> C:\GoogleCode\Moq\trunk\Help\html\11844e9f-0087-b72b-7ad6-920119169c19.htm
C:\GoogleCode\Moq\trunk\Help\Working\Output\html\23456921-2914-71f5-553a-7d481f31009a.htm -> C:\GoogleCode\Moq\trunk\Help\html\23456921-2914-71f5-553a-7d481f31009a.htm
C:\GoogleCode\Moq\trunk\Help\Working\Output\html\2b61c99a-220f-c43e-cec2-1a6f81cee17a.htm -> C:\GoogleCode\Moq\trunk\Help\html\2b61c99a-220f-c43e-cec2-1a6f81cee17a.htm
C:\GoogleCode\Moq\trunk\Help\Working\Output\html\3c361112-b48d-c2a3-15f9-e4a820e7287e.htm -> C:\GoogleCode\Moq\trunk\Help\html\3c361112-b48d-c2a3-15f9-e4a820e7287e.htm
C:\GoogleCode\Moq\trunk\Help\Working\Output\html\3cd42486-67f9-0fe8-4bcd-b9dff269609f.htm -> C:\GoogleCode\Moq\trunk\Help\html\3cd42486-67f9-0fe8-4bcd-b9dff269609f.htm
C:\GoogleCode\Moq\trunk\Help\Working\Output\html\454c1f82-0fa8-04eb-8b89-529f7b873fa0.htm -> C:\GoogleCode\Moq\trunk\Help\html\454c1f82-0fa8-04eb-8b89-529f7b873fa0.htm
C:\GoogleCode\Moq\trunk\Help\Working\Output\html\5d56b219-1bdd-1c47-9446-a60397619870.htm -> C:\GoogleCode\Moq\trunk\Help\html\5d56b219-1bdd-1c47-9446-a60397619870.htm
C:\GoogleCode\Moq\trunk\Help\Working\Output\html\71a68b35-c5b4-704e-5a26-82353ac91ac1.htm -> C:\GoogleCode\Moq\trunk\Help\html\71a68b35-c5b4-704e-5a26-82353ac91ac1.htm
C:\GoogleCode\Moq\trunk\Help\Working\Output\html\80e54d53-e70e-0c99-ecd7-7eec3226ad6b.htm -> C:\GoogleCode\Moq\trunk\Help\html\80e54d53-e70e-0c99-ecd7-7eec3226ad6b.htm
C:\GoogleCode\Moq\trunk\Help\Working\Output\html\8311782d-7b49-48db-9d08-e645a261e510.htm -> C:\GoogleCode\Moq\trunk\Help\html\8311782d-7b49-48db-9d08-e645a261e510.htm
C:\GoogleCode\Moq\trunk\Help\Working\Output\html\87ebf132-df72-c16e-35f6-fa55debd6854.htm -> C:\GoogleCode\Moq\trunk\Help\html\87ebf132-df72-c16e-35f6-fa55debd6854.htm
C:\GoogleCode\Moq\trunk\Help\Working\Output\html\8ef44092-5b95-2705-d314-3a55e9b9a512.htm -> C:\GoogleCode\Moq\trunk\Help\html\8ef44092-5b95-2705-d314-3a55e9b9a512.htm
C:\GoogleCode\Moq\trunk\Help\Working\Output\html\95d224f1-cf90-2ac0-edcb-69162eaa12c6.htm -> C:\GoogleCode\Moq\trunk\Help\html\95d224f1-cf90-2ac0-edcb-69162eaa12c6.htm
C:\GoogleCode\Moq\trunk\Help\Working\Output\html\ab12f603-9e47-22dd-4db4-0fba43355677.htm -> C:\GoogleCode\Moq\trunk\Help\html\ab12f603-9e47-22dd-4db4-0fba43355677.htm
C:\GoogleCode\Moq\trunk\Help\Working\Output\html\b437953a-2abd-b742-0d13-81b2d7055cc8.htm -> C:\GoogleCode\Moq\trunk\Help\html\b437953a-2abd-b742-0d13-81b2d7055cc8.htm
C:\GoogleCode\Moq\trunk\Help\Working\Output\html\b80240b3-f790-ef6f-7852-6a93552893f9.htm -> C:\GoogleCode\Moq\trunk\Help\html\b80240b3-f790-ef6f-7852-6a93552893f9.htm
C:\GoogleCode\Moq\trunk\Help\Working\Output\html\b9865344-a0c4-0e7a-bd39-3761cda81b64.htm -> C:\GoogleCode\Moq\trunk\Help\html\b9865344-a0c4-0e7a-bd39-3761cda81b64.htm
C:\GoogleCode\Moq\trunk\Help\Working\Output\html\bca3df6a-76fb-4b40-cc1f-f6d9432596f2.htm -> C:\GoogleCode\Moq\trunk\Help\html\bca3df6a-76fb-4b40-cc1f-f6d9432596f2.htm
C:\GoogleCode\Moq\trunk\Help\Working\Output\html\bf412f72-7581-0fff-c3b6-2cc2966906b9.htm -> C:\GoogleCode\Moq\trunk\Help\html\bf412f72-7581-0fff-c3b6-2cc2966906b9.htm
C:\GoogleCode\Moq\trunk\Help\Working\Output\html\bfcfbdce-07a1-4e80-78b6-c6a5afaf69de.htm -> C:\GoogleCode\Moq\trunk\Help\html\bfcfbdce-07a1-4e80-78b6-c6a5afaf69de.htm
C:\GoogleCode\Moq\trunk\Help\Working\Output\html\c3eb0630-60bb-60c9-a937-1b57ee12dedb.htm -> C:\GoogleCode\Moq\trunk\Help\html\c3eb0630-60bb-60c9-a937-1b57ee12dedb.htm
C:\GoogleCode\Moq\trunk\Help\Working\Output\html\c5b74ec8-bd83-23b6-0eb0-eb25539d23f9.htm -> C:\GoogleCode\Moq\trunk\Help\html\c5b74ec8-bd83-23b6-0eb0-eb25539d23f9.htm
C:\GoogleCode\Moq\trunk\Help\Working\Output\html\c715fb85-ed93-1fc3-1e14-cdc6b234eeb0.htm -> C:\GoogleCode\Moq\trunk\Help\html\c715fb85-ed93-1fc3-1e14-cdc6b234eeb0.htm
C:\GoogleCode\Moq\trunk\Help\Working\Output\html\d46b9004-aa8b-7259-b804-514687d84c1c.htm -> C:\GoogleCode\Moq\trunk\Help\html\d46b9004-aa8b-7259-b804-514687d84c1c.htm
C:\GoogleCode\Moq\trunk\Help\Working\Output\html\d6f15104-81f3-f409-d1dd-58d4f4e8c8aa.htm -> C:\GoogleCode\Moq\trunk\Help\html\d6f15104-81f3-f409-d1dd-58d4f4e8c8aa.htm
C:\GoogleCode\Moq\trunk\Help\Working\Output\html\d9676cd1-d7c6-b71b-a1e9-093f97dfb125.htm -> C:\GoogleCode\Moq\trunk\Help\html\d9676cd1-d7c6-b71b-a1e9-093f97dfb125.htm
C:\GoogleCode\Moq\trunk\Help\Working\Output\html\dae6d159-066c-8d75-1b31-b4c70a4e6eff.htm -> C:\GoogleCode\Moq\trunk\Help\html\dae6d159-066c-8d75-1b31-b4c70a4e6eff.htm
C:\GoogleCode\Moq\trunk\Help\Working\Output\html\dd9bb368-2453-98f9-307a-d54845fd190b.htm -> C:\GoogleCode\Moq\trunk\Help\html\dd9bb368-2453-98f9-307a-d54845fd190b.htm
C:\GoogleCode\Moq\trunk\Help\Working\Output\html\f3b2afd9-4e91-7121-e189-c8d19efb1f5b.htm -> C:\GoogleCode\Moq\trunk\Help\html\f3b2afd9-4e91-7121-e189-c8d19efb1f5b.htm
C:\GoogleCode\Moq\trunk\Help\Working\Output\html\fecbd320-0101-085b-21d2-a385f4aed1a4.htm -> C:\GoogleCode\Moq\trunk\Help\html\fecbd320-0101-085b-21d2-a385f4aed1a4.htm
C:\GoogleCode\Moq\trunk\Help\Working\Output\icons\adm.gif -> C:\GoogleCode\Moq\trunk\Help\icons\adm.gif
C:\GoogleCode\Moq\trunk\Help\Working\Output\icons\adm_arch.gif -> C:\GoogleCode\Moq\trunk\Help\icons\adm_arch.gif
C:\GoogleCode\Moq\trunk\Help\Working\Output\icons\adm_dev.gif -> C:\GoogleCode\Moq\trunk\Help\icons\adm_dev.gif
C:\GoogleCode\Moq\trunk\Help\Working\Output\icons\adm_dev_arch.gif -> C:\GoogleCode\Moq\trunk\Help\icons\adm_dev_arch.gif
C:\GoogleCode\Moq\trunk\Help\Working\Output\icons\alert_caution.gif -> C:\GoogleCode\Moq\trunk\Help\icons\alert_caution.gif
C:\GoogleCode\Moq\trunk\Help\Working\Output\icons\alert_note.gif -> C:\GoogleCode\Moq\trunk\Help\icons\alert_note.gif
C:\GoogleCode\Moq\trunk\Help\Working\Output\icons\alert_security.gif -> C:\GoogleCode\Moq\trunk\Help\icons\alert_security.gif
C:\GoogleCode\Moq\trunk\Help\Working\Output\icons\arch.gif -> C:\GoogleCode\Moq\trunk\Help\icons\arch.gif
C:\GoogleCode\Moq\trunk\Help\Working\Output\icons\big_adm.gif -> C:\GoogleCode\Moq\trunk\Help\icons\big_adm.gif
C:\GoogleCode\Moq\trunk\Help\Working\Output\icons\big_arch.gif -> C:\GoogleCode\Moq\trunk\Help\icons\big_arch.gif
C:\GoogleCode\Moq\trunk\Help\Working\Output\icons\big_dev.gif -> C:\GoogleCode\Moq\trunk\Help\icons\big_dev.gif
C:\GoogleCode\Moq\trunk\Help\Working\Output\icons\big_kw.gif -> C:\GoogleCode\Moq\trunk\Help\icons\big_kw.gif
C:\GoogleCode\Moq\trunk\Help\Working\Output\icons\box.gif -> C:\GoogleCode\Moq\trunk\Help\icons\box.gif
C:\GoogleCode\Moq\trunk\Help\Working\Output\icons\Caution.gif -> C:\GoogleCode\Moq\trunk\Help\icons\Caution.gif
C:\GoogleCode\Moq\trunk\Help\Working\Output\icons\CFW.gif -> C:\GoogleCode\Moq\trunk\Help\icons\CFW.gif
C:\GoogleCode\Moq\trunk\Help\Working\Output\icons\collall.gif -> C:\GoogleCode\Moq\trunk\Help\icons\collall.gif
C:\GoogleCode\Moq\trunk\Help\Working\Output\icons\collapse.gif -> C:\GoogleCode\Moq\trunk\Help\icons\collapse.gif
C:\GoogleCode\Moq\trunk\Help\Working\Output\icons\collapse_all.gif -> C:\GoogleCode\Moq\trunk\Help\icons\collapse_all.gif
C:\GoogleCode\Moq\trunk\Help\Working\Output\icons\copycode.gif -> C:\GoogleCode\Moq\trunk\Help\icons\copycode.gif
C:\GoogleCode\Moq\trunk\Help\Working\Output\icons\copycodeHighlight.gif -> C:\GoogleCode\Moq\trunk\Help\icons\copycodeHighlight.gif
C:\GoogleCode\Moq\trunk\Help\Working\Output\icons\CopyCode_h.gif -> C:\GoogleCode\Moq\trunk\Help\icons\CopyCode_h.gif
C:\GoogleCode\Moq\trunk\Help\Working\Output\icons\dev.gif -> C:\GoogleCode\Moq\trunk\Help\icons\dev.gif
C:\GoogleCode\Moq\trunk\Help\Working\Output\icons\dev_arch.gif -> C:\GoogleCode\Moq\trunk\Help\icons\dev_arch.gif
C:\GoogleCode\Moq\trunk\Help\Working\Output\icons\dropdown.gif -> C:\GoogleCode\Moq\trunk\Help\icons\dropdown.gif
C:\GoogleCode\Moq\trunk\Help\Working\Output\icons\dropdownHover.gif -> C:\GoogleCode\Moq\trunk\Help\icons\dropdownHover.gif
C:\GoogleCode\Moq\trunk\Help\Working\Output\icons\drpdown.gif -> C:\GoogleCode\Moq\trunk\Help\icons\drpdown.gif
C:\GoogleCode\Moq\trunk\Help\Working\Output\icons\drpdown_orange.gif -> C:\GoogleCode\Moq\trunk\Help\icons\drpdown_orange.gif
C:\GoogleCode\Moq\trunk\Help\Working\Output\icons\drpdown_orange_up.gif -> C:\GoogleCode\Moq\trunk\Help\icons\drpdown_orange_up.gif
C:\GoogleCode\Moq\trunk\Help\Working\Output\icons\drpup.gif -> C:\GoogleCode\Moq\trunk\Help\icons\drpup.gif
C:\GoogleCode\Moq\trunk\Help\Working\Output\icons\exp.gif -> C:\GoogleCode\Moq\trunk\Help\icons\exp.gif
C:\GoogleCode\Moq\trunk\Help\Working\Output\icons\expall.gif -> C:\GoogleCode\Moq\trunk\Help\icons\expall.gif
C:\GoogleCode\Moq\trunk\Help\Working\Output\icons\expand_all.gif -> C:\GoogleCode\Moq\trunk\Help\icons\expand_all.gif
C:\GoogleCode\Moq\trunk\Help\Working\Output\icons\filter1a.gif -> C:\GoogleCode\Moq\trunk\Help\icons\filter1a.gif
C:\GoogleCode\Moq\trunk\Help\Working\Output\icons\filter1c.gif -> C:\GoogleCode\Moq\trunk\Help\icons\filter1c.gif
C:\GoogleCode\Moq\trunk\Help\Working\Output\icons\footer.gif -> C:\GoogleCode\Moq\trunk\Help\icons\footer.gif
C:\GoogleCode\Moq\trunk\Help\Working\Output\icons\gradient.gif -> C:\GoogleCode\Moq\trunk\Help\icons\gradient.gif
C:\GoogleCode\Moq\trunk\Help\Working\Output\icons\greencheck.gif -> C:\GoogleCode\Moq\trunk\Help\icons\greencheck.gif
C:\GoogleCode\Moq\trunk\Help\Working\Output\icons\greychck.gif -> C:\GoogleCode\Moq\trunk\Help\icons\greychck.gif
C:\GoogleCode\Moq\trunk\Help\Working\Output\icons\header_prev_next.jpg -> C:\GoogleCode\Moq\trunk\Help\icons\header_prev_next.jpg
C:\GoogleCode\Moq\trunk\Help\Working\Output\icons\header_sql_tutorial_blank.jpg -> C:\GoogleCode\Moq\trunk\Help\icons\header_sql_tutorial_blank.jpg
C:\GoogleCode\Moq\trunk\Help\Working\Output\icons\header_sql_tutorial_logo.GIF -> C:\GoogleCode\Moq\trunk\Help\icons\header_sql_tutorial_logo.GIF
C:\GoogleCode\Moq\trunk\Help\Working\Output\icons\kw.gif -> C:\GoogleCode\Moq\trunk\Help\icons\kw.gif
C:\GoogleCode\Moq\trunk\Help\Working\Output\icons\kw_adm.gif -> C:\GoogleCode\Moq\trunk\Help\icons\kw_adm.gif
C:\GoogleCode\Moq\trunk\Help\Working\Output\icons\kw_adm_arch.gif -> C:\GoogleCode\Moq\trunk\Help\icons\kw_adm_arch.gif
C:\GoogleCode\Moq\trunk\Help\Working\Output\icons\kw_adm_dev.gif -> C:\GoogleCode\Moq\trunk\Help\icons\kw_adm_dev.gif
C:\GoogleCode\Moq\trunk\Help\Working\Output\icons\kw_adm_dev_arch.gif -> C:\GoogleCode\Moq\trunk\Help\icons\kw_adm_dev_arch.gif
C:\GoogleCode\Moq\trunk\Help\Working\Output\icons\kw_arch.gif -> C:\GoogleCode\Moq\trunk\Help\icons\kw_arch.gif
C:\GoogleCode\Moq\trunk\Help\Working\Output\icons\kw_dev.gif -> C:\GoogleCode\Moq\trunk\Help\icons\kw_dev.gif
C:\GoogleCode\Moq\trunk\Help\Working\Output\icons\kw_dev_arch.gif -> C:\GoogleCode\Moq\trunk\Help\icons\kw_dev_arch.gif
C:\GoogleCode\Moq\trunk\Help\Working\Output\icons\LastChild.gif -> C:\GoogleCode\Moq\trunk\Help\icons\LastChild.gif
C:\GoogleCode\Moq\trunk\Help\Working\Output\icons\load.gif -> C:\GoogleCode\Moq\trunk\Help\icons\load.gif
C:\GoogleCode\Moq\trunk\Help\Working\Output\icons\load_hover.gif -> C:\GoogleCode\Moq\trunk\Help\icons\load_hover.gif
C:\GoogleCode\Moq\trunk\Help\Working\Output\icons\note.gif -> C:\GoogleCode\Moq\trunk\Help\icons\note.gif
C:\GoogleCode\Moq\trunk\Help\Working\Output\icons\pencil.GIF -> C:\GoogleCode\Moq\trunk\Help\icons\pencil.GIF
C:\GoogleCode\Moq\trunk\Help\Working\Output\icons\privclass.gif -> C:\GoogleCode\Moq\trunk\Help\icons\privclass.gif
C:\GoogleCode\Moq\trunk\Help\Working\Output\icons\privdelegate.gif -> C:\GoogleCode\Moq\trunk\Help\icons\privdelegate.gif
C:\GoogleCode\Moq\trunk\Help\Working\Output\icons\privenum.gif -> C:\GoogleCode\Moq\trunk\Help\icons\privenum.gif
C:\GoogleCode\Moq\trunk\Help\Working\Output\icons\privenumeration.gif -> C:\GoogleCode\Moq\trunk\Help\icons\privenumeration.gif
C:\GoogleCode\Moq\trunk\Help\Working\Output\icons\privevent.gif -> C:\GoogleCode\Moq\trunk\Help\icons\privevent.gif
C:\GoogleCode\Moq\trunk\Help\Working\Output\icons\privextension.gif -> C:\GoogleCode\Moq\trunk\Help\icons\privextension.gif
C:\GoogleCode\Moq\trunk\Help\Working\Output\icons\privfield.gif -> C:\GoogleCode\Moq\trunk\Help\icons\privfield.gif
C:\GoogleCode\Moq\trunk\Help\Working\Output\icons\privinterface.gif -> C:\GoogleCode\Moq\trunk\Help\icons\privinterface.gif
C:\GoogleCode\Moq\trunk\Help\Working\Output\icons\privmethod.gif -> C:\GoogleCode\Moq\trunk\Help\icons\privmethod.gif
C:\GoogleCode\Moq\trunk\Help\Working\Output\icons\privproperty.gif -> C:\GoogleCode\Moq\trunk\Help\icons\privproperty.gif
C:\GoogleCode\Moq\trunk\Help\Working\Output\icons\privstructure.gif -> C:\GoogleCode\Moq\trunk\Help\icons\privstructure.gif
C:\GoogleCode\Moq\trunk\Help\Working\Output\icons\protclass.gif -> C:\GoogleCode\Moq\trunk\Help\icons\protclass.gif
C:\GoogleCode\Moq\trunk\Help\Working\Output\icons\protdelegate.gif -> C:\GoogleCode\Moq\trunk\Help\icons\protdelegate.gif
C:\GoogleCode\Moq\trunk\Help\Working\Output\icons\protenum.gif -> C:\GoogleCode\Moq\trunk\Help\icons\protenum.gif
C:\GoogleCode\Moq\trunk\Help\Working\Output\icons\protenumeration.gif -> C:\GoogleCode\Moq\trunk\Help\icons\protenumeration.gif
C:\GoogleCode\Moq\trunk\Help\Working\Output\icons\protevent.gif -> C:\GoogleCode\Moq\trunk\Help\icons\protevent.gif
C:\GoogleCode\Moq\trunk\Help\Working\Output\icons\protextension.gif -> C:\GoogleCode\Moq\trunk\Help\icons\protextension.gif
C:\GoogleCode\Moq\trunk\Help\Working\Output\icons\protfield.gif -> C:\GoogleCode\Moq\trunk\Help\icons\protfield.gif
C:\GoogleCode\Moq\trunk\Help\Working\Output\icons\protinterface.gif -> C:\GoogleCode\Moq\trunk\Help\icons\protinterface.gif
C:\GoogleCode\Moq\trunk\Help\Working\Output\icons\protmethod.gif -> C:\GoogleCode\Moq\trunk\Help\icons\protmethod.gif
C:\GoogleCode\Moq\trunk\Help\Working\Output\icons\protoperator.gif -> C:\GoogleCode\Moq\trunk\Help\icons\protoperator.gif
C:\GoogleCode\Moq\trunk\Help\Working\Output\icons\protproperty.gif -> C:\GoogleCode\Moq\trunk\Help\icons\protproperty.gif
C:\GoogleCode\Moq\trunk\Help\Working\Output\icons\protstructure.gif -> C:\GoogleCode\Moq\trunk\Help\icons\protstructure.gif
C:\GoogleCode\Moq\trunk\Help\Working\Output\icons\pubclass.gif -> C:\GoogleCode\Moq\trunk\Help\icons\pubclass.gif
C:\GoogleCode\Moq\trunk\Help\Working\Output\icons\pubdelegate.gif -> C:\GoogleCode\Moq\trunk\Help\icons\pubdelegate.gif
C:\GoogleCode\Moq\trunk\Help\Working\Output\icons\pubenum.gif -> C:\GoogleCode\Moq\trunk\Help\icons\pubenum.gif
C:\GoogleCode\Moq\trunk\Help\Working\Output\icons\pubenumeration.gif -> C:\GoogleCode\Moq\trunk\Help\icons\pubenumeration.gif
C:\GoogleCode\Moq\trunk\Help\Working\Output\icons\pubevent.gif -> C:\GoogleCode\Moq\trunk\Help\icons\pubevent.gif
C:\GoogleCode\Moq\trunk\Help\Working\Output\icons\pubextension.gif -> C:\GoogleCode\Moq\trunk\Help\icons\pubextension.gif
C:\GoogleCode\Moq\trunk\Help\Working\Output\icons\pubfield.gif -> C:\GoogleCode\Moq\trunk\Help\icons\pubfield.gif
C:\GoogleCode\Moq\trunk\Help\Working\Output\icons\pubinterface.gif -> C:\GoogleCode\Moq\trunk\Help\icons\pubinterface.gif
C:\GoogleCode\Moq\trunk\Help\Working\Output\icons\pubmethod.gif -> C:\GoogleCode\Moq\trunk\Help\icons\pubmethod.gif
C:\GoogleCode\Moq\trunk\Help\Working\Output\icons\puboperator.gif -> C:\GoogleCode\Moq\trunk\Help\icons\puboperator.gif
C:\GoogleCode\Moq\trunk\Help\Working\Output\icons\pubproperty.gif -> C:\GoogleCode\Moq\trunk\Help\icons\pubproperty.gif
C:\GoogleCode\Moq\trunk\Help\Working\Output\icons\pubstructure.gif -> C:\GoogleCode\Moq\trunk\Help\icons\pubstructure.gif
C:\GoogleCode\Moq\trunk\Help\Working\Output\icons\requirements1a.gif -> C:\GoogleCode\Moq\trunk\Help\icons\requirements1a.gif
C:\GoogleCode\Moq\trunk\Help\Working\Output\icons\requirements1c.gif -> C:\GoogleCode\Moq\trunk\Help\icons\requirements1c.gif
C:\GoogleCode\Moq\trunk\Help\Working\Output\icons\save.gif -> C:\GoogleCode\Moq\trunk\Help\icons\save.gif
C:\GoogleCode\Moq\trunk\Help\Working\Output\icons\save_hover.gif -> C:\GoogleCode\Moq\trunk\Help\icons\save_hover.gif
C:\GoogleCode\Moq\trunk\Help\Working\Output\icons\security.gif -> C:\GoogleCode\Moq\trunk\Help\icons\security.gif
C:\GoogleCode\Moq\trunk\Help\Working\Output\icons\seealso1a.gif -> C:\GoogleCode\Moq\trunk\Help\icons\seealso1a.gif
C:\GoogleCode\Moq\trunk\Help\Working\Output\icons\seealso1c.gif -> C:\GoogleCode\Moq\trunk\Help\icons\seealso1c.gif
C:\GoogleCode\Moq\trunk\Help\Working\Output\icons\static.gif -> C:\GoogleCode\Moq\trunk\Help\icons\static.gif
C:\GoogleCode\Moq\trunk\Help\Working\Output\icons\xna.gif -> C:\GoogleCode\Moq\trunk\Help\icons\xna.gif
C:\GoogleCode\Moq\trunk\Help\Working\Output\scripts\CheckboxMenu.js -> C:\GoogleCode\Moq\trunk\Help\scripts\CheckboxMenu.js
C:\GoogleCode\Moq\trunk\Help\Working\Output\scripts\CommonUtilities.js -> C:\GoogleCode\Moq\trunk\Help\scripts\CommonUtilities.js
C:\GoogleCode\Moq\trunk\Help\Working\Output\scripts\Dropdown.js -> C:\GoogleCode\Moq\trunk\Help\scripts\Dropdown.js
C:\GoogleCode\Moq\trunk\Help\Working\Output\scripts\EventUtilities.js -> C:\GoogleCode\Moq\trunk\Help\scripts\EventUtilities.js
C:\GoogleCode\Moq\trunk\Help\Working\Output\scripts\highlight.js -> C:\GoogleCode\Moq\trunk\Help\scripts\highlight.js
C:\GoogleCode\Moq\trunk\Help\Working\Output\scripts\script_feedBack.js -> C:\GoogleCode\Moq\trunk\Help\scripts\script_feedBack.js
C:\GoogleCode\Moq\trunk\Help\Working\Output\scripts\script_loc.js -> C:\GoogleCode\Moq\trunk\Help\scripts\script_loc.js
C:\GoogleCode\Moq\trunk\Help\Working\Output\scripts\script_manifold.js -> C:\GoogleCode\Moq\trunk\Help\scripts\script_manifold.js
C:\GoogleCode\Moq\trunk\Help\Working\Output\scripts\SplitScreen.js -> C:\GoogleCode\Moq\trunk\Help\scripts\SplitScreen.js
C:\GoogleCode\Moq\trunk\Help\Working\Output\styles\highlight.css -> C:\GoogleCode\Moq\trunk\Help\styles\highlight.css
C:\GoogleCode\Moq\trunk\Help\Working\Output\styles\Presentation.css -> C:\GoogleCode\Moq\trunk\Help\styles\Presentation.css
C:\GoogleCode\Moq\trunk\Help\Working\Output\styles\Whidbey\presentation.css -> C:\GoogleCode\Moq\trunk\Help\styles\Whidbey\presentation.css
    Last step completed in 00:00:00.6094
Removing intermediate files...
    Last step completed in 00:00:00.0781


Build completed successfully.  Total time: 00:00:35.2031

